<?xml version="1.0" encoding="UTF-8"?>
<!-- Generated by org.testng.reporters.JUnitXMLReporter -->
<testsuite ignored="0" hostname="DESKTOP-85QB8C4" failures="0" tests="19" name="RegressionTests" time="52.393" errors="0" timestamp="2026-08-25T22:27:04 IST">
  <testcase classname="tests.LoginTest" name="testInvalidPassword" time="0.312"/>
  <testcase classname="tests.LoginTest" name="testLockedOutUser" time="0.296"/>
  <testcase classname="tests.LoginTest" name="testValidLogin" time="0.288"/>
  <testcase classname="tests.LoginTest" name="testValidLogin" time="5.307"/>
  <testcase classname="tests.InventoryTest" name="addMultipleItemsToCart" time="0.169"/>
  <testcase classname="tests.InventoryTest" name="addSingleItemToCart" time="0.104"/>
  <testcase classname="tests.InventoryTest" name="inventoryPageLoadsAfterLogin" time="0.025"/>
  <testcase classname="tests.InventoryTest" name="removeItemFromCart" time="0.135"/>
  <testcase classname="tests.InventoryTest" name="sortProductNamesZtoA" time="0.145"/>
  <testcase classname="tests.InventoryTest" name="sortProductsPriceLowToHigh" time="0.145"/>
  <testcase classname="tests.CartTest" name="cartReflectsAddedItem" time="0.173"/>
  <testcase classname="tests.CartTest" name="cartReflectsMultipleItems" time="0.214"/>
  <testcase classname="tests.CartTest" name="continueShoppingReturnToInventoryPage" time="0.223"/>
  <testcase classname="tests.CartTest" name="emptyCartHasZeroItems" time="0.08"/>
  <testcase classname="tests.CartTest" name="removeItemFromCart" time="0.233"/>
  <testcase classname="tests.CheckoutTest" name="checkoutWithoutFirstName" time="0.181"/>
  <testcase classname="tests.CheckoutTest" name="checkoutWithoutLastName" time="0.192"/>
  <testcase classname="tests.CheckoutTest" name="checkoutWithoutPostalCode" time="0.177"/>
  <testcase classname="tests.CheckoutTest" name="compleCheckoutFlowEndToEnd" time="0.343"/>
</testsuite> <!-- RegressionTests -->
