<?xml version="1.0" encoding="UTF-8"?>
<testng-results ignored="0" total="19" passed="19" failed="0" skipped="0">
  <reporter-output>
  </reporter-output>
  <suite started-at="2026-08-25T22:26:12 IST" name="Regression_Suite" finished-at="2026-08-25T22:27:04 IST" duration-ms="52393">
    <groups>
    </groups>
    <test started-at="2026-08-25T22:26:12 IST" name="RegressionTests" finished-at="2026-08-25T22:27:04 IST" duration-ms="52393">
      <class name="tests.LoginTest">
        <test-method is-config="true" signature="setup()[pri:0, instance:tests.LoginTest@217ed35e]" started-at="2026-08-25T22:26:12 IST" name="setup" finished-at="2026-08-25T22:26:15 IST" duration-ms="3008" status="PASS">
          <reporter-output>
          </reporter-output>
        </test-method> <!-- setup -->
        <test-method signature="testInvalidPassword()[pri:0, instance:tests.LoginTest@217ed35e]" started-at="2026-08-25T22:26:15 IST" name="testInvalidPassword" finished-at="2026-08-25T22:26:15 IST" duration-ms="312" status="PASS">
          <reporter-output>
          </reporter-output>
        </test-method> <!-- testInvalidPassword -->
        <test-method is-config="true" signature="tearDown()[pri:0, instance:tests.LoginTest@217ed35e]" started-at="2026-08-25T22:26:15 IST" name="tearDown" finished-at="2026-08-25T22:26:15 IST" duration-ms="205" status="PASS">
          <reporter-output>
          </reporter-output>
        </test-method> <!-- tearDown -->
        <test-method is-config="true" signature="setup()[pri:0, instance:tests.LoginTest@217ed35e]" started-at="2026-08-25T22:26:15 IST" name="setup" finished-at="2026-08-25T22:26:17 IST" duration-ms="1582" status="PASS">
          <reporter-output>
          </reporter-output>
        </test-method> <!-- setup -->
        <test-method signature="testLockedOutUser()[pri:0, instance:tests.LoginTest@217ed35e]" started-at="2026-08-25T22:26:17 IST" name="testLockedOutUser" finished-at="2026-08-25T22:26:17 IST" duration-ms="296" status="PASS">
          <reporter-output>
          </reporter-output>
        </test-method> <!-- testLockedOutUser -->
        <test-method is-config="true" signature="tearDown()[pri:0, instance:tests.LoginTest@217ed35e]" started-at="2026-08-25T22:26:17 IST" name="tearDown" finished-at="2026-08-25T22:26:17 IST" duration-ms="179" status="PASS">
          <reporter-output>
          </reporter-output>
        </test-method> <!-- tearDown -->
        <test-method is-config="true" signature="setup()[pri:0, instance:tests.LoginTest@217ed35e]" started-at="2026-08-25T22:26:17 IST" name="setup" finished-at="2026-08-25T22:26:19 IST" duration-ms="1759" status="PASS">
          <reporter-output>
          </reporter-output>
        </test-method> <!-- setup -->
        <test-method signature="testValidLogin(java.lang.String,java.lang.String)[pri:0, instance:tests.LoginTest@217ed35e]" started-at="2026-08-25T22:26:19 IST" name="testValidLogin" data-provider="validLoginData" finished-at="2026-08-25T22:26:19 IST" duration-ms="288" status="PASS">
          <params>
            <param index="0">
              <value>
                <![CDATA[standard_user]]>
              </value>
            </param>
            <param index="1">
              <value>
                <![CDATA[secret_sauce]]>
              </value>
            </param>
          </params>
          <reporter-output>
          </reporter-output>
        </test-method> <!-- testValidLogin -->
        <test-method is-config="true" signature="tearDown()[pri:0, instance:tests.LoginTest@217ed35e]" started-at="2026-08-25T22:26:19 IST" name="tearDown" finished-at="2026-08-25T22:26:20 IST" duration-ms="163" status="PASS">
          <reporter-output>
          </reporter-output>
        </test-method> <!-- tearDown -->
        <test-method is-config="true" signature="setup()[pri:0, instance:tests.LoginTest@217ed35e]" started-at="2026-08-25T22:26:20 IST" name="setup" finished-at="2026-08-25T22:26:22 IST" duration-ms="2929" status="PASS">
          <reporter-output>
          </reporter-output>
        </test-method> <!-- setup -->
        <test-method signature="testValidLogin(java.lang.String,java.lang.String)[pri:0, instance:tests.LoginTest@217ed35e]" started-at="2026-08-25T22:26:22 IST" name="testValidLogin" data-provider="validLoginData" finished-at="2026-08-25T22:26:28 IST" duration-ms="5307" status="PASS">
          <params>
            <param index="0">
              <value>
                <![CDATA[performance_glitch_user]]>
              </value>
            </param>
            <param index="1">
              <value>
                <![CDATA[secret_sauce]]>
              </value>
            </param>
          </params>
          <reporter-output>
          </reporter-output>
        </test-method> <!-- testValidLogin -->
        <test-method is-config="true" signature="tearDown()[pri:0, instance:tests.LoginTest@217ed35e]" started-at="2026-08-25T22:26:28 IST" name="tearDown" finished-at="2026-08-25T22:26:28 IST" duration-ms="204" status="PASS">
          <reporter-output>
          </reporter-output>
        </test-method> <!-- tearDown -->
      </class> <!-- tests.LoginTest -->
      <class name="tests.InventoryTest">
        <test-method is-config="true" signature="setup()[pri:0, instance:tests.InventoryTest@3bd82cf5]" started-at="2026-08-25T22:26:28 IST" name="setup" finished-at="2026-08-25T22:26:29 IST" duration-ms="1395" status="PASS">
          <reporter-output>
          </reporter-output>
        </test-method> <!-- setup -->
        <test-method is-config="true" signature="loginFirst()[pri:0, instance:tests.InventoryTest@3bd82cf5]" started-at="2026-08-25T22:26:29 IST" name="loginFirst" finished-at="2026-08-25T22:26:30 IST" duration-ms="319" status="PASS">
          <reporter-output>
          </reporter-output>
        </test-method> <!-- loginFirst -->
        <test-method signature="addMultipleItemsToCart()[pri:0, instance:tests.InventoryTest@3bd82cf5]" started-at="2026-08-25T22:26:30 IST" name="addMultipleItemsToCart" finished-at="2026-08-25T22:26:30 IST" duration-ms="169" status="PASS">
          <reporter-output>
          </reporter-output>
        </test-method> <!-- addMultipleItemsToCart -->
        <test-method is-config="true" signature="tearDown()[pri:0, instance:tests.InventoryTest@3bd82cf5]" started-at="2026-08-25T22:26:30 IST" name="tearDown" finished-at="2026-08-25T22:26:30 IST" duration-ms="192" status="PASS">
          <reporter-output>
          </reporter-output>
        </test-method> <!-- tearDown -->
        <test-method is-config="true" signature="setup()[pri:0, instance:tests.InventoryTest@3bd82cf5]" started-at="2026-08-25T22:26:30 IST" name="setup" finished-at="2026-08-25T22:26:32 IST" duration-ms="1538" status="PASS">
          <reporter-output>
          </reporter-output>
        </test-method> <!-- setup -->
        <test-method is-config="true" signature="loginFirst()[pri:0, instance:tests.InventoryTest@3bd82cf5]" started-at="2026-08-25T22:26:32 IST" name="loginFirst" finished-at="2026-08-25T22:26:32 IST" duration-ms="293" status="PASS">
          <reporter-output>
          </reporter-output>
        </test-method> <!-- loginFirst -->
        <test-method signature="addSingleItemToCart()[pri:0, instance:tests.InventoryTest@3bd82cf5]" started-at="2026-08-25T22:26:32 IST" name="addSingleItemToCart" finished-at="2026-08-25T22:26:32 IST" duration-ms="104" status="PASS">
          <reporter-output>
          </reporter-output>
        </test-method> <!-- addSingleItemToCart -->
        <test-method is-config="true" signature="tearDown()[pri:0, instance:tests.InventoryTest@3bd82cf5]" started-at="2026-08-25T22:26:32 IST" name="tearDown" finished-at="2026-08-25T22:26:32 IST" duration-ms="165" status="PASS">
          <reporter-output>
          </reporter-output>
        </test-method> <!-- tearDown -->
        <test-method is-config="true" signature="setup()[pri:0, instance:tests.InventoryTest@3bd82cf5]" started-at="2026-08-25T22:26:32 IST" name="setup" finished-at="2026-08-25T22:26:34 IST" duration-ms="1816" status="PASS">
          <reporter-output>
          </reporter-output>
        </test-method> <!-- setup -->
        <test-method is-config="true" signature="loginFirst()[pri:0, instance:tests.InventoryTest@3bd82cf5]" started-at="2026-08-25T22:26:34 IST" name="loginFirst" finished-at="2026-08-25T22:26:34 IST" duration-ms="286" status="PASS">
          <reporter-output>
          </reporter-output>
        </test-method> <!-- loginFirst -->
        <test-method signature="inventoryPageLoadsAfterLogin()[pri:0, instance:tests.InventoryTest@3bd82cf5]" started-at="2026-08-25T22:26:34 IST" name="inventoryPageLoadsAfterLogin" finished-at="2026-08-25T22:26:34 IST" duration-ms="25" status="PASS">
          <reporter-output>
          </reporter-output>
        </test-method> <!-- inventoryPageLoadsAfterLogin -->
        <test-method is-config="true" signature="tearDown()[pri:0, instance:tests.InventoryTest@3bd82cf5]" started-at="2026-08-25T22:26:34 IST" name="tearDown" finished-at="2026-08-25T22:26:34 IST" duration-ms="178" status="PASS">
          <reporter-output>
          </reporter-output>
        </test-method> <!-- tearDown -->
        <test-method is-config="true" signature="setup()[pri:0, instance:tests.InventoryTest@3bd82cf5]" started-at="2026-08-25T22:26:34 IST" name="setup" finished-at="2026-08-25T22:26:36 IST" duration-ms="1486" status="PASS">
          <reporter-output>
          </reporter-output>
        </test-method> <!-- setup -->
        <test-method is-config="true" signature="loginFirst()[pri:0, instance:tests.InventoryTest@3bd82cf5]" started-at="2026-08-25T22:26:36 IST" name="loginFirst" finished-at="2026-08-25T22:26:36 IST" duration-ms="305" status="PASS">
          <reporter-output>
          </reporter-output>
        </test-method> <!-- loginFirst -->
        <test-method signature="removeItemFromCart()[pri:0, instance:tests.InventoryTest@3bd82cf5]" started-at="2026-08-25T22:26:36 IST" name="removeItemFromCart" finished-at="2026-08-25T22:26:36 IST" duration-ms="135" status="PASS">
          <reporter-output>
          </reporter-output>
        </test-method> <!-- removeItemFromCart -->
        <test-method is-config="true" signature="tearDown()[pri:0, instance:tests.InventoryTest@3bd82cf5]" started-at="2026-08-25T22:26:36 IST" name="tearDown" finished-at="2026-08-25T22:26:37 IST" duration-ms="208" status="PASS">
          <reporter-output>
          </reporter-output>
        </test-method> <!-- tearDown -->
        <test-method is-config="true" signature="setup()[pri:0, instance:tests.InventoryTest@3bd82cf5]" started-at="2026-08-25T22:26:37 IST" name="setup" finished-at="2026-08-25T22:26:39 IST" duration-ms="2243" status="PASS">
          <reporter-output>
          </reporter-output>
        </test-method> <!-- setup -->
        <test-method is-config="true" signature="loginFirst()[pri:0, instance:tests.InventoryTest@3bd82cf5]" started-at="2026-08-25T22:26:39 IST" name="loginFirst" finished-at="2026-08-25T22:26:39 IST" duration-ms="266" status="PASS">
          <reporter-output>
          </reporter-output>
        </test-method> <!-- loginFirst -->
        <test-method signature="sortProductNamesZtoA()[pri:0, instance:tests.InventoryTest@3bd82cf5]" started-at="2026-08-25T22:26:39 IST" name="sortProductNamesZtoA" finished-at="2026-08-25T22:26:39 IST" duration-ms="145" status="PASS">
          <reporter-output>
          </reporter-output>
        </test-method> <!-- sortProductNamesZtoA -->
        <test-method is-config="true" signature="tearDown()[pri:0, instance:tests.InventoryTest@3bd82cf5]" started-at="2026-08-25T22:26:39 IST" name="tearDown" finished-at="2026-08-25T22:26:39 IST" duration-ms="167" status="PASS">
          <reporter-output>
          </reporter-output>
        </test-method> <!-- tearDown -->
        <test-method is-config="true" signature="setup()[pri:0, instance:tests.InventoryTest@3bd82cf5]" started-at="2026-08-25T22:26:39 IST" name="setup" finished-at="2026-08-25T22:26:41 IST" duration-ms="1597" status="PASS">
          <reporter-output>
          </reporter-output>
        </test-method> <!-- setup -->
        <test-method is-config="true" signature="loginFirst()[pri:0, instance:tests.InventoryTest@3bd82cf5]" started-at="2026-08-25T22:26:41 IST" name="loginFirst" finished-at="2026-08-25T22:26:41 IST" duration-ms="286" status="PASS">
          <reporter-output>
          </reporter-output>
        </test-method> <!-- loginFirst -->
        <test-method signature="sortProductsPriceLowToHigh()[pri:0, instance:tests.InventoryTest@3bd82cf5]" started-at="2026-08-25T22:26:41 IST" name="sortProductsPriceLowToHigh" finished-at="2026-08-25T22:26:41 IST" duration-ms="145" status="PASS">
          <reporter-output>
          </reporter-output>
        </test-method> <!-- sortProductsPriceLowToHigh -->
        <test-method is-config="true" signature="tearDown()[pri:0, instance:tests.InventoryTest@3bd82cf5]" started-at="2026-08-25T22:26:41 IST" name="tearDown" finished-at="2026-08-25T22:26:42 IST" duration-ms="190" status="PASS">
          <reporter-output>
          </reporter-output>
        </test-method> <!-- tearDown -->
      </class> <!-- tests.InventoryTest -->
      <class name="tests.CartTest">
        <test-method is-config="true" signature="setup()[pri:0, instance:tests.CartTest@4988d8b8]" started-at="2026-08-25T22:26:42 IST" name="setup" finished-at="2026-08-25T22:26:43 IST" duration-ms="1571" status="PASS">
          <reporter-output>
          </reporter-output>
        </test-method> <!-- setup -->
        <test-method is-config="true" signature="loginAndNavigate()[pri:0, instance:tests.CartTest@4988d8b8]" started-at="2026-08-25T22:26:43 IST" name="loginAndNavigate" finished-at="2026-08-25T22:26:44 IST" duration-ms="289" status="PASS">
          <reporter-output>
          </reporter-output>
        </test-method> <!-- loginAndNavigate -->
        <test-method signature="cartReflectsAddedItem()[pri:0, instance:tests.CartTest@4988d8b8]" started-at="2026-08-25T22:26:44 IST" name="cartReflectsAddedItem" description="After adding item in cart, cart relefts the same item" finished-at="2026-08-25T22:26:44 IST" duration-ms="173" status="PASS">
          <reporter-output>
          </reporter-output>
        </test-method> <!-- cartReflectsAddedItem -->
        <test-method is-config="true" signature="tearDown()[pri:0, instance:tests.CartTest@4988d8b8]" started-at="2026-08-25T22:26:44 IST" name="tearDown" finished-at="2026-08-25T22:26:44 IST" duration-ms="192" status="PASS">
          <reporter-output>
          </reporter-output>
        </test-method> <!-- tearDown -->
        <test-method is-config="true" signature="setup()[pri:0, instance:tests.CartTest@4988d8b8]" started-at="2026-08-25T22:26:44 IST" name="setup" finished-at="2026-08-25T22:26:46 IST" duration-ms="1681" status="PASS">
          <reporter-output>
          </reporter-output>
        </test-method> <!-- setup -->
        <test-method is-config="true" signature="loginAndNavigate()[pri:0, instance:tests.CartTest@4988d8b8]" started-at="2026-08-25T22:26:46 IST" name="loginAndNavigate" finished-at="2026-08-25T22:26:46 IST" duration-ms="294" status="PASS">
          <reporter-output>
          </reporter-output>
        </test-method> <!-- loginAndNavigate -->
        <test-method signature="cartReflectsMultipleItems()[pri:0, instance:tests.CartTest@4988d8b8]" started-at="2026-08-25T22:26:46 IST" name="cartReflectsMultipleItems" description="After adding multiple items, cart shows all the items" finished-at="2026-08-25T22:26:46 IST" duration-ms="214" status="PASS">
          <reporter-output>
          </reporter-output>
        </test-method> <!-- cartReflectsMultipleItems -->
        <test-method is-config="true" signature="tearDown()[pri:0, instance:tests.CartTest@4988d8b8]" started-at="2026-08-25T22:26:46 IST" name="tearDown" finished-at="2026-08-25T22:26:46 IST" duration-ms="189" status="PASS">
          <reporter-output>
          </reporter-output>
        </test-method> <!-- tearDown -->
        <test-method is-config="true" signature="setup()[pri:0, instance:tests.CartTest@4988d8b8]" started-at="2026-08-25T22:26:46 IST" name="setup" finished-at="2026-08-25T22:26:48 IST" duration-ms="1518" status="PASS">
          <reporter-output>
          </reporter-output>
        </test-method> <!-- setup -->
        <test-method is-config="true" signature="loginAndNavigate()[pri:0, instance:tests.CartTest@4988d8b8]" started-at="2026-08-25T22:26:48 IST" name="loginAndNavigate" finished-at="2026-08-25T22:26:48 IST" duration-ms="296" status="PASS">
          <reporter-output>
          </reporter-output>
        </test-method> <!-- loginAndNavigate -->
        <test-method signature="continueShoppingReturnToInventoryPage()[pri:0, instance:tests.CartTest@4988d8b8]" started-at="2026-08-25T22:26:48 IST" name="continueShoppingReturnToInventoryPage" description="Continue Shopping option returns to Inventory page" finished-at="2026-08-25T22:26:48 IST" duration-ms="223" status="PASS">
          <reporter-output>
          </reporter-output>
        </test-method> <!-- continueShoppingReturnToInventoryPage -->
        <test-method is-config="true" signature="tearDown()[pri:0, instance:tests.CartTest@4988d8b8]" started-at="2026-08-25T22:26:48 IST" name="tearDown" finished-at="2026-08-25T22:26:48 IST" duration-ms="168" status="PASS">
          <reporter-output>
          </reporter-output>
        </test-method> <!-- tearDown -->
        <test-method is-config="true" signature="setup()[pri:0, instance:tests.CartTest@4988d8b8]" started-at="2026-08-25T22:26:48 IST" name="setup" finished-at="2026-08-25T22:26:50 IST" duration-ms="1468" status="PASS">
          <reporter-output>
          </reporter-output>
        </test-method> <!-- setup -->
        <test-method is-config="true" signature="loginAndNavigate()[pri:0, instance:tests.CartTest@4988d8b8]" started-at="2026-08-25T22:26:50 IST" name="loginAndNavigate" finished-at="2026-08-25T22:26:50 IST" duration-ms="314" status="PASS">
          <reporter-output>
          </reporter-output>
        </test-method> <!-- loginAndNavigate -->
        <test-method signature="emptyCartHasZeroItems()[pri:0, instance:tests.CartTest@4988d8b8]" started-at="2026-08-25T22:26:50 IST" name="emptyCartHasZeroItems" description="Empty cart should have zero items" finished-at="2026-08-25T22:26:50 IST" duration-ms="80" status="PASS">
          <reporter-output>
          </reporter-output>
        </test-method> <!-- emptyCartHasZeroItems -->
        <test-method is-config="true" signature="tearDown()[pri:0, instance:tests.CartTest@4988d8b8]" started-at="2026-08-25T22:26:50 IST" name="tearDown" finished-at="2026-08-25T22:26:51 IST" duration-ms="179" status="PASS">
          <reporter-output>
          </reporter-output>
        </test-method> <!-- tearDown -->
        <test-method is-config="true" signature="setup()[pri:0, instance:tests.CartTest@4988d8b8]" started-at="2026-08-25T22:26:51 IST" name="setup" finished-at="2026-08-25T22:26:53 IST" duration-ms="2136" status="PASS">
          <reporter-output>
          </reporter-output>
        </test-method> <!-- setup -->
        <test-method is-config="true" signature="loginAndNavigate()[pri:0, instance:tests.CartTest@4988d8b8]" started-at="2026-08-25T22:26:53 IST" name="loginAndNavigate" finished-at="2026-08-25T22:26:53 IST" duration-ms="261" status="PASS">
          <reporter-output>
          </reporter-output>
        </test-method> <!-- loginAndNavigate -->
        <test-method signature="removeItemFromCart()[pri:0, instance:tests.CartTest@4988d8b8]" started-at="2026-08-25T22:26:53 IST" name="removeItemFromCart" description="After removing, cart doesn&#039;t show any item" finished-at="2026-08-25T22:26:53 IST" duration-ms="233" status="PASS">
          <reporter-output>
          </reporter-output>
        </test-method> <!-- removeItemFromCart -->
        <test-method is-config="true" signature="tearDown()[pri:0, instance:tests.CartTest@4988d8b8]" started-at="2026-08-25T22:26:53 IST" name="tearDown" finished-at="2026-08-25T22:26:53 IST" duration-ms="186" status="PASS">
          <reporter-output>
          </reporter-output>
        </test-method> <!-- tearDown -->
      </class> <!-- tests.CartTest -->
      <class name="tests.CheckoutTest">
        <test-method is-config="true" signature="setup()[pri:0, instance:tests.CheckoutTest@c0c2f8d]" started-at="2026-08-25T22:26:53 IST" name="setup" finished-at="2026-08-25T22:26:55 IST" duration-ms="1735" status="PASS">
          <reporter-output>
          </reporter-output>
        </test-method> <!-- setup -->
        <test-method is-config="true" signature="loginAddItemAndGoToCheckout()[pri:0, instance:tests.CheckoutTest@c0c2f8d]" started-at="2026-08-25T22:26:55 IST" name="loginAddItemAndGoToCheckout" finished-at="2026-08-25T22:26:56 IST" duration-ms="484" status="PASS">
          <reporter-output>
          </reporter-output>
        </test-method> <!-- loginAddItemAndGoToCheckout -->
        <test-method signature="checkoutWithoutFirstName()[pri:0, instance:tests.CheckoutTest@c0c2f8d]" started-at="2026-08-25T22:26:56 IST" name="checkoutWithoutFirstName" description="Checkout fails without first name" finished-at="2026-08-25T22:26:56 IST" duration-ms="181" status="PASS">
          <reporter-output>
          </reporter-output>
        </test-method> <!-- checkoutWithoutFirstName -->
        <test-method is-config="true" signature="tearDown()[pri:0, instance:tests.CheckoutTest@c0c2f8d]" started-at="2026-08-25T22:26:56 IST" name="tearDown" finished-at="2026-08-25T22:26:56 IST" duration-ms="191" status="PASS">
          <reporter-output>
          </reporter-output>
        </test-method> <!-- tearDown -->
        <test-method is-config="true" signature="setup()[pri:0, instance:tests.CheckoutTest@c0c2f8d]" started-at="2026-08-25T22:26:56 IST" name="setup" finished-at="2026-08-25T22:26:58 IST" duration-ms="1788" status="PASS">
          <reporter-output>
          </reporter-output>
        </test-method> <!-- setup -->
        <test-method is-config="true" signature="loginAddItemAndGoToCheckout()[pri:0, instance:tests.CheckoutTest@c0c2f8d]" started-at="2026-08-25T22:26:58 IST" name="loginAddItemAndGoToCheckout" finished-at="2026-08-25T22:26:58 IST" duration-ms="418" status="PASS">
          <reporter-output>
          </reporter-output>
        </test-method> <!-- loginAddItemAndGoToCheckout -->
        <test-method signature="checkoutWithoutLastName()[pri:0, instance:tests.CheckoutTest@c0c2f8d]" started-at="2026-08-25T22:26:58 IST" name="checkoutWithoutLastName" description="Checkout fails without last name" finished-at="2026-08-25T22:26:58 IST" duration-ms="192" status="PASS">
          <reporter-output>
          </reporter-output>
        </test-method> <!-- checkoutWithoutLastName -->
        <test-method is-config="true" signature="tearDown()[pri:0, instance:tests.CheckoutTest@c0c2f8d]" started-at="2026-08-25T22:26:58 IST" name="tearDown" finished-at="2026-08-25T22:26:58 IST" duration-ms="158" status="PASS">
          <reporter-output>
          </reporter-output>
        </test-method> <!-- tearDown -->
        <test-method is-config="true" signature="setup()[pri:0, instance:tests.CheckoutTest@c0c2f8d]" started-at="2026-08-25T22:26:58 IST" name="setup" finished-at="2026-08-25T22:27:00 IST" duration-ms="2002" status="PASS">
          <reporter-output>
          </reporter-output>
        </test-method> <!-- setup -->
        <test-method is-config="true" signature="loginAddItemAndGoToCheckout()[pri:0, instance:tests.CheckoutTest@c0c2f8d]" started-at="2026-08-25T22:27:00 IST" name="loginAddItemAndGoToCheckout" finished-at="2026-08-25T22:27:01 IST" duration-ms="434" status="PASS">
          <reporter-output>
          </reporter-output>
        </test-method> <!-- loginAddItemAndGoToCheckout -->
        <test-method signature="checkoutWithoutPostalCode()[pri:0, instance:tests.CheckoutTest@c0c2f8d]" started-at="2026-08-25T22:27:01 IST" name="checkoutWithoutPostalCode" description="Checkout fails without postal code" finished-at="2026-08-25T22:27:01 IST" duration-ms="177" status="PASS">
          <reporter-output>
          </reporter-output>
        </test-method> <!-- checkoutWithoutPostalCode -->
        <test-method is-config="true" signature="tearDown()[pri:0, instance:tests.CheckoutTest@c0c2f8d]" started-at="2026-08-25T22:27:01 IST" name="tearDown" finished-at="2026-08-25T22:27:01 IST" duration-ms="168" status="PASS">
          <reporter-output>
          </reporter-output>
        </test-method> <!-- tearDown -->
        <test-method is-config="true" signature="setup()[pri:0, instance:tests.CheckoutTest@c0c2f8d]" started-at="2026-08-25T22:27:01 IST" name="setup" finished-at="2026-08-25T22:27:03 IST" duration-ms="1607" status="PASS">
          <reporter-output>
          </reporter-output>
        </test-method> <!-- setup -->
        <test-method is-config="true" signature="loginAddItemAndGoToCheckout()[pri:0, instance:tests.CheckoutTest@c0c2f8d]" started-at="2026-08-25T22:27:03 IST" name="loginAddItemAndGoToCheckout" finished-at="2026-08-25T22:27:03 IST" duration-ms="508" status="PASS">
          <reporter-output>
          </reporter-output>
        </test-method> <!-- loginAddItemAndGoToCheckout -->
        <test-method signature="compleCheckoutFlowEndToEnd()[pri:0, instance:tests.CheckoutTest@c0c2f8d]" started-at="2026-08-25T22:27:03 IST" name="compleCheckoutFlowEndToEnd" description="Test the complete checkout flow from end to end" finished-at="2026-08-25T22:27:04 IST" duration-ms="343" status="PASS">
          <reporter-output>
          </reporter-output>
        </test-method> <!-- compleCheckoutFlowEndToEnd -->
        <test-method is-config="true" signature="tearDown()[pri:0, instance:tests.CheckoutTest@c0c2f8d]" started-at="2026-08-25T22:27:04 IST" name="tearDown" finished-at="2026-08-25T22:27:04 IST" duration-ms="175" status="PASS">
          <reporter-output>
          </reporter-output>
        </test-method> <!-- tearDown -->
      </class> <!-- tests.CheckoutTest -->
    </test> <!-- RegressionTests -->
  </suite> <!-- Regression_Suite -->
</testng-results>
