<?xml version="1.0" encoding="UTF-8"?>
<!-- Generated by org.testng.reporters.JUnitXMLReporter -->
<testsuite ignored="0" hostname="DESKTOP-85QB8C4" failures="0" tests="4" name="Default test" time="11.971" errors="0" timestamp="2026-08-25T14:15:44 IST">
  <testcase classname="tests.CheckoutTest" name="checkoutWithoutFirstName" time="0.263"/>
  <testcase classname="tests.CheckoutTest" name="checkoutWithoutLastName" time="0.244"/>
  <testcase classname="tests.CheckoutTest" name="checkoutWithoutPostalCode" time="0.186"/>
  <testcase classname="tests.CheckoutTest" name="compleCheckoutFlowEndToEnd" time="0.39"/>
</testsuite> <!-- Default test -->
