<?xml version="1.0" encoding="UTF-8"?>
<!-- Generated by org.testng.reporters.JUnitReportReporter -->
<testsuite hostname="DESKTOP-85QB8C4" failures="0" tests="5" name="tests.CartTest" time="11.665" errors="0" timestamp="2026-08-25T22:27:04 IST" skipped="0">
  <testcase classname="tests.CartTest" name="cartReflectsMultipleItems" time="2.150"/>
  <testcase classname="tests.CartTest" name="cartReflectsAddedItem" time="2.809"/>
  <testcase classname="tests.CartTest" name="continueShoppingReturnToInventoryPage" time="2.333"/>
  <testcase classname="tests.CartTest" name="emptyCartHasZeroItems" time="2.139"/>
  <testcase classname="tests.CartTest" name="removeItemFromCart" time="2.234"/>
</testsuite> <!-- tests.CartTest -->
