<?xml version="1.0" encoding="UTF-8"?>
<!-- Generated by org.testng.reporters.JUnitReportReporter -->
<testsuite hostname="DESKTOP-85QB8C4" failures="0" tests="6" name="tests.InventoryTest" time="13.653" errors="0" timestamp="2026-08-25T22:27:04 IST" skipped="0">
  <testcase classname="tests.InventoryTest" name="addSingleItemToCart" time="2.860"/>
  <testcase classname="tests.InventoryTest" name="inventoryPageLoadsAfterLogin" time="1.971"/>
  <testcase classname="tests.InventoryTest" name="sortProductsPriceLowToHigh" time="2.018"/>
  <testcase classname="tests.InventoryTest" name="addMultipleItemsToCart" time="2.151"/>
  <testcase classname="tests.InventoryTest" name="sortProductNamesZtoA" time="2.193"/>
  <testcase classname="tests.InventoryTest" name="removeItemFromCart" time="2.460"/>
</testsuite> <!-- tests.InventoryTest -->
