<?xml version="1.0" encoding="UTF-8"?>
<!-- Generated by org.testng.reporters.JUnitReportReporter -->
<testsuite hostname="DESKTOP-85QB8C4" failures="0" tests="4" name="tests.CheckoutTest" time="10.561" errors="0" timestamp="2026-08-25T22:27:04 IST" skipped="0">
  <testcase classname="tests.CheckoutTest" name="checkoutWithoutFirstName" time="2.776"/>
  <testcase classname="tests.CheckoutTest" name="checkoutWithoutPostalCode" time="2.450"/>
  <testcase classname="tests.CheckoutTest" name="checkoutWithoutLastName" time="2.552"/>
  <testcase classname="tests.CheckoutTest" name="compleCheckoutFlowEndToEnd" time="2.783"/>
</testsuite> <!-- tests.CheckoutTest -->
