<?xml version="1.0" encoding="UTF-8"?>
<!-- Generated by org.testng.reporters.JUnitReportReporter -->
<testsuite hostname="DESKTOP-85QB8C4" failures="0" tests="4" name="tests.LoginTest" time="16.232" errors="0" timestamp="2026-08-25T22:27:04 IST" skipped="0">
  <testcase classname="tests.LoginTest" name="testValidLogin" time="3.422"/>
  <testcase classname="tests.LoginTest" name="testValidLogin" time="7.245"/>
  <testcase classname="tests.LoginTest" name="testLockedOutUser" time="3.467"/>
  <testcase classname="tests.LoginTest" name="testInvalidPassword" time="2.098"/>
</testsuite> <!-- tests.LoginTest -->
